[2016-12-01 04:29:51] myapp.INFO: Matched route "GET_beers". {"route_parameters":{"_controller":"[object] (Closure: {})","id":null,"_route":"GET_beers"},"request_uri":"http://chouchou.dev:1493/beers"} []
[2016-12-01 04:29:51] myapp.INFO: > GET /beers [] []
[2016-12-01 04:29:51] myapp.INFO: < 200 [] []
[2016-12-01 04:29:53] myapp.INFO: Matched route "GET_beers_id". {"route_parameters":{"_controller":"[object] (Closure: {})","id":"1","_route":"GET_beers_id"},"request_uri":"http://chouchou.dev:1493/beers/1"} []
[2016-12-01 04:29:53] myapp.INFO: > GET /beers/1 [] []
[2016-12-01 04:29:53] myapp.INFO: < 200 [] []
[2016-12-01 04:29:54] myapp.INFO: Matched route "GET_beers". {"route_parameters":{"_controller":"[object] (Closure: {})","id":null,"_route":"GET_beers"},"request_uri":"http://chouchou.dev:1493/beers"} []
[2016-12-01 04:29:54] myapp.INFO: > GET /beers [] []
[2016-12-01 04:29:54] myapp.INFO: < 200 [] []
[2016-12-01 04:29:55] myapp.INFO: Matched route "GET_beers_id". {"route_parameters":{"_controller":"[object] (Closure: {})","id":"4","_route":"GET_beers_id"},"request_uri":"http://chouchou.dev:1493/beers/4"} []
[2016-12-01 04:29:55] myapp.INFO: > GET /beers/4 [] []
[2016-12-01 04:29:55] myapp.INFO: < 200 [] []
[2016-12-01 04:29:56] myapp.INFO: Matched route "GET_beers". {"route_parameters":{"_controller":"[object] (Closure: {})","id":null,"_route":"GET_beers"},"request_uri":"http://chouchou.dev:1493/beers"} []
[2016-12-01 04:29:56] myapp.INFO: > GET /beers [] []
[2016-12-01 04:29:56] myapp.INFO: < 200 [] []
[2016-12-01 04:29:57] myapp.INFO: Matched route "GET_beers_id". {"route_parameters":{"_controller":"[object] (Closure: {})","id":"6","_route":"GET_beers_id"},"request_uri":"http://chouchou.dev:1493/beers/6"} []
[2016-12-01 04:29:57] myapp.INFO: > GET /beers/6 [] []
[2016-12-01 04:29:57] myapp.INFO: < 200 [] []
[2016-12-01 04:29:58] myapp.INFO: Matched route "GET_beers". {"route_parameters":{"_controller":"[object] (Closure: {})","id":null,"_route":"GET_beers"},"request_uri":"http://chouchou.dev:1493/beers"} []
[2016-12-01 04:29:58] myapp.INFO: > GET /beers [] []
[2016-12-01 04:29:58] myapp.INFO: < 200 [] []
[2016-12-01 04:29:59] myapp.INFO: Matched route "GET_beers_id". {"route_parameters":{"_controller":"[object] (Closure: {})","id":"4","_route":"GET_beers_id"},"request_uri":"http://chouchou.dev:1493/beers/4"} []
[2016-12-01 04:29:59] myapp.INFO: > GET /beers/4 [] []
[2016-12-01 04:29:59] myapp.INFO: < 200 [] []
[2016-12-01 04:29:59] myapp.INFO: Matched route "GET_beers". {"route_parameters":{"_controller":"[object] (Closure: {})","id":null,"_route":"GET_beers"},"request_uri":"http://chouchou.dev:1493/beers"} []
[2016-12-01 04:29:59] myapp.INFO: > GET /beers [] []
[2016-12-01 04:29:59] myapp.INFO: < 200 [] []
[2016-12-01 04:30:00] myapp.INFO: Matched route "GET_beers_id". {"route_parameters":{"_controller":"[object] (Closure: {})","id":"1","_route":"GET_beers_id"},"request_uri":"http://chouchou.dev:1493/beers/1"} []
[2016-12-01 04:30:00] myapp.INFO: > GET /beers/1 [] []
[2016-12-01 04:30:00] myapp.INFO: < 200 [] []
[2016-12-01 04:30:01] myapp.INFO: Matched route "GET_beers". {"route_parameters":{"_controller":"[object] (Closure: {})","id":null,"_route":"GET_beers"},"request_uri":"http://chouchou.dev:1493/beers"} []
[2016-12-01 04:30:01] myapp.INFO: > GET /beers [] []
[2016-12-01 04:30:01] myapp.INFO: < 200 [] []
[2016-12-01 04:30:02] myapp.INFO: Matched route "GET_beers_id". {"route_parameters":{"_controller":"[object] (Closure: {})","id":"4","_route":"GET_beers_id"},"request_uri":"http://chouchou.dev:1493/beers/4"} []
[2016-12-01 04:30:02] myapp.INFO: > GET /beers/4 [] []
[2016-12-01 04:30:02] myapp.INFO: < 200 [] []
[2016-12-01 04:30:02] myapp.INFO: Matched route "GET_beers". {"route_parameters":{"_controller":"[object] (Closure: {})","id":null,"_route":"GET_beers"},"request_uri":"http://chouchou.dev:1493/beers"} []
[2016-12-01 04:30:02] myapp.INFO: > GET /beers [] []
[2016-12-01 04:30:02] myapp.INFO: < 200 [] []
[2016-12-01 04:30:03] myapp.INFO: Matched route "GET_beers_id". {"route_parameters":{"_controller":"[object] (Closure: {})","id":"6","_route":"GET_beers_id"},"request_uri":"http://chouchou.dev:1493/beers/6"} []
[2016-12-01 04:30:03] myapp.INFO: > GET /beers/6 [] []
[2016-12-01 04:30:03] myapp.INFO: < 200 [] []
[2016-12-01 04:30:06] myapp.INFO: Matched route "GET_beers". {"route_parameters":{"_controller":"[object] (Closure: {})","id":null,"_route":"GET_beers"},"request_uri":"http://chouchou.dev:1493/beers"} []
[2016-12-01 04:30:06] myapp.INFO: > GET /beers [] []
[2016-12-01 04:30:06] myapp.INFO: < 200 [] []
[2016-12-01 04:30:08] myapp.INFO: Matched route "GET_beers_id". {"route_parameters":{"_controller":"[object] (Closure: {})","id":"4","_route":"GET_beers_id"},"request_uri":"http://chouchou.dev:1493/beers/4"} []
[2016-12-01 04:30:08] myapp.INFO: > GET /beers/4 [] []
[2016-12-01 04:30:08] myapp.INFO: < 200 [] []
[2016-12-01 04:30:12] myapp.INFO: Matched route "GET_beers". {"route_parameters":{"_controller":"[object] (Closure: {})","id":null,"_route":"GET_beers"},"request_uri":"http://chouchou.dev:1493/beers"} []
[2016-12-01 04:30:12] myapp.INFO: > GET /beers [] []
[2016-12-01 04:30:12] myapp.INFO: < 200 [] []
[2016-12-01 04:31:48] myapp.INFO: Matched route "GET_beers_id". {"route_parameters":{"_controller":"[object] (Closure: {})","id":"4","_route":"GET_beers_id"},"request_uri":"http://chouchou.dev:1493/beers/4"} []
[2016-12-01 04:31:48] myapp.INFO: > GET /beers/4 [] []
[2016-12-01 04:31:48] myapp.INFO: < 200 [] []
[2016-12-01 04:31:51] myapp.INFO: Matched route "GET_beers_id". {"route_parameters":{"_controller":"[object] (Closure: {})","id":"4","_route":"GET_beers_id"},"request_uri":"http://chouchou.dev:1493/beers/4"} []
[2016-12-01 04:31:51] myapp.INFO: > GET /beers/4 [] []
[2016-12-01 04:31:51] myapp.INFO: < 200 [] []
[2016-12-01 04:31:55] myapp.INFO: Matched route "GET_beers". {"route_parameters":{"_controller":"[object] (Closure: {})","id":null,"_route":"GET_beers"},"request_uri":"http://chouchou.dev:1493/beers"} []
[2016-12-01 04:31:55] myapp.INFO: > GET /beers [] []
[2016-12-01 04:31:55] myapp.INFO: < 200 [] []
[2016-12-01 04:31:56] myapp.INFO: Matched route "GET_beers_id". {"route_parameters":{"_controller":"[object] (Closure: {})","id":"1","_route":"GET_beers_id"},"request_uri":"http://chouchou.dev:1493/beers/1"} []
[2016-12-01 04:31:56] myapp.INFO: > GET /beers/1 [] []
[2016-12-01 04:31:56] myapp.INFO: < 200 [] []
[2016-12-01 04:31:57] myapp.INFO: Matched route "GET_beers". {"route_parameters":{"_controller":"[object] (Closure: {})","id":null,"_route":"GET_beers"},"request_uri":"http://chouchou.dev:1493/beers"} []
[2016-12-01 04:31:57] myapp.INFO: > GET /beers [] []
[2016-12-01 04:31:57] myapp.INFO: < 200 [] []
[2016-12-01 04:31:58] myapp.INFO: Matched route "GET_beers_id". {"route_parameters":{"_controller":"[object] (Closure: {})","id":"6","_route":"GET_beers_id"},"request_uri":"http://chouchou.dev:1493/beers/6"} []
[2016-12-01 04:31:58] myapp.INFO: > GET /beers/6 [] []
[2016-12-01 04:31:58] myapp.INFO: < 200 [] []
[2016-12-01 04:31:59] myapp.INFO: Matched route "GET_beers". {"route_parameters":{"_controller":"[object] (Closure: {})","id":null,"_route":"GET_beers"},"request_uri":"http://chouchou.dev:1493/beers"} []
[2016-12-01 04:31:59] myapp.INFO: > GET /beers [] []
[2016-12-01 04:31:59] myapp.INFO: < 200 [] []
[2016-12-01 04:33:16] myapp.INFO: Matched route "GET_beers_id". {"route_parameters":{"_controller":"[object] (Closure: {})","id":"6","_route":"GET_beers_id"},"request_uri":"http://chouchou.dev:1493/beers/6"} []
[2016-12-01 04:33:16] myapp.INFO: > GET /beers/6 [] []
[2016-12-01 04:33:16] myapp.INFO: < 200 [] []
[2016-12-01 04:33:23] myapp.INFO: Matched route "GET_beers_id". {"route_parameters":{"_controller":"[object] (Closure: {})","id":"6","_route":"GET_beers_id"},"request_uri":"http://chouchou.dev:1493/beers/6"} []
[2016-12-01 04:33:23] myapp.INFO: > GET /beers/6 [] []
[2016-12-01 04:33:23] myapp.INFO: < 200 [] []
[2016-12-01 04:34:38] myapp.INFO: Matched route "GET_beers". {"route_parameters":{"_controller":"[object] (Closure: {})","id":null,"_route":"GET_beers"},"request_uri":"http://chouchou.dev:1493/beers"} []
[2016-12-01 04:34:38] myapp.INFO: > GET /beers [] []
[2016-12-01 04:34:38] myapp.INFO: < 200 [] []
[2016-12-01 04:34:39] myapp.INFO: Matched route "GET_beers_id". {"route_parameters":{"_controller":"[object] (Closure: {})","id":"1","_route":"GET_beers_id"},"request_uri":"http://chouchou.dev:1493/beers/1"} []
[2016-12-01 04:34:39] myapp.INFO: > GET /beers/1 [] []
[2016-12-01 04:34:39] myapp.INFO: < 200 [] []
[2016-12-01 04:34:40] myapp.INFO: Matched route "GET_beers". {"route_parameters":{"_controller":"[object] (Closure: {})","id":null,"_route":"GET_beers"},"request_uri":"http://chouchou.dev:1493/beers"} []
[2016-12-01 04:34:40] myapp.INFO: > GET /beers [] []
[2016-12-01 04:34:40] myapp.INFO: < 200 [] []
[2016-12-01 04:34:41] myapp.INFO: Matched route "GET_beers_id". {"route_parameters":{"_controller":"[object] (Closure: {})","id":"4","_route":"GET_beers_id"},"request_uri":"http://chouchou.dev:1493/beers/4"} []
[2016-12-01 04:34:41] myapp.INFO: > GET /beers/4 [] []
[2016-12-01 04:34:41] myapp.INFO: < 200 [] []
[2016-12-01 04:34:41] myapp.INFO: Matched route "GET_beers". {"route_parameters":{"_controller":"[object] (Closure: {})","id":null,"_route":"GET_beers"},"request_uri":"http://chouchou.dev:1493/beers"} []
[2016-12-01 04:34:41] myapp.INFO: > GET /beers [] []
[2016-12-01 04:34:41] myapp.INFO: < 200 [] []
[2016-12-01 04:34:42] myapp.INFO: Matched route "GET_beers_id". {"route_parameters":{"_controller":"[object] (Closure: {})","id":"6","_route":"GET_beers_id"},"request_uri":"http://chouchou.dev:1493/beers/6"} []
[2016-12-01 04:34:42] myapp.INFO: > GET /beers/6 [] []
[2016-12-01 04:34:42] myapp.INFO: < 200 [] []
[2016-12-01 04:34:44] myapp.INFO: Matched route "GET_beers". {"route_parameters":{"_controller":"[object] (Closure: {})","id":null,"_route":"GET_beers"},"request_uri":"http://chouchou.dev:1493/beers"} []
[2016-12-01 04:34:44] myapp.INFO: > GET /beers [] []
[2016-12-01 04:34:44] myapp.INFO: < 200 [] []
[2016-12-01 04:34:44] myapp.INFO: Matched route "GET_beers_id". {"route_parameters":{"_controller":"[object] (Closure: {})","id":"4","_route":"GET_beers_id"},"request_uri":"http://chouchou.dev:1493/beers/4"} []
[2016-12-01 04:34:44] myapp.INFO: > GET /beers/4 [] []
[2016-12-01 04:34:44] myapp.INFO: < 200 [] []
[2016-12-01 04:34:45] myapp.INFO: Matched route "GET_beers". {"route_parameters":{"_controller":"[object] (Closure: {})","id":null,"_route":"GET_beers"},"request_uri":"http://chouchou.dev:1493/beers"} []
[2016-12-01 04:34:45] myapp.INFO: > GET /beers [] []
[2016-12-01 04:34:45] myapp.INFO: < 200 [] []
[2016-12-01 04:34:45] myapp.INFO: Matched route "GET_beers_id". {"route_parameters":{"_controller":"[object] (Closure: {})","id":"1","_route":"GET_beers_id"},"request_uri":"http://chouchou.dev:1493/beers/1"} []
[2016-12-01 04:34:45] myapp.INFO: > GET /beers/1 [] []
[2016-12-01 04:34:45] myapp.INFO: < 200 [] []
[2016-12-01 04:34:46] myapp.INFO: Matched route "GET_beers". {"route_parameters":{"_controller":"[object] (Closure: {})","id":null,"_route":"GET_beers"},"request_uri":"http://chouchou.dev:1493/beers"} []
[2016-12-01 04:34:46] myapp.INFO: > GET /beers [] []
[2016-12-01 04:34:46] myapp.INFO: < 200 [] []
[2016-12-01 04:34:46] myapp.INFO: Matched route "GET_beers_id". {"route_parameters":{"_controller":"[object] (Closure: {})","id":"4","_route":"GET_beers_id"},"request_uri":"http://chouchou.dev:1493/beers/4"} []
[2016-12-01 04:34:46] myapp.INFO: > GET /beers/4 [] []
[2016-12-01 04:34:46] myapp.INFO: < 200 [] []
[2016-12-01 04:34:47] myapp.INFO: Matched route "GET_beers". {"route_parameters":{"_controller":"[object] (Closure: {})","id":null,"_route":"GET_beers"},"request_uri":"http://chouchou.dev:1493/beers"} []
[2016-12-01 04:34:47] myapp.INFO: > GET /beers [] []
[2016-12-01 04:34:47] myapp.INFO: < 200 [] []
[2016-12-01 04:34:48] myapp.INFO: Matched route "GET_beers_id". {"route_parameters":{"_controller":"[object] (Closure: {})","id":"6","_route":"GET_beers_id"},"request_uri":"http://chouchou.dev:1493/beers/6"} []
[2016-12-01 04:34:48] myapp.INFO: > GET /beers/6 [] []
[2016-12-01 04:34:48] myapp.INFO: < 200 [] []
[2016-12-01 04:36:45] myapp.INFO: Matched route "GET_beers_id". {"route_parameters":{"_controller":"[object] (Closure: {})","id":"6","_route":"GET_beers_id"},"request_uri":"http://chouchou.dev:1493/beers/6"} []
[2016-12-01 04:36:45] myapp.INFO: > GET /beers/6 [] []
[2016-12-01 04:36:45] myapp.CRITICAL: PDOException: SQLSTATE[HY000]: General error: 17 no such column: b.id (uncaught exception) at /home/nhefti/Sites/public/restbeer/vendor/doctrine/dbal/lib/Doctrine/DBAL/Connection.php line 625 {"exception":"[object] (PDOException(code: HY000): SQLSTATE[HY000]: General error: 17 no such column: b.id at /home/nhefti/Sites/public/restbeer/vendor/doctrine/dbal/lib/Doctrine/DBAL/Connection.php:625)"} []
[2016-12-01 04:36:45] myapp.INFO: < 500 [] []
[2016-12-01 04:36:47] myapp.INFO: Matched route "GET_beers_id". {"route_parameters":{"_controller":"[object] (Closure: {})","id":"6","_route":"GET_beers_id"},"request_uri":"http://chouchou.dev:1493/beers/6"} []
[2016-12-01 04:36:47] myapp.INFO: > GET /beers/6 [] []
[2016-12-01 04:36:47] myapp.CRITICAL: PDOException: SQLSTATE[HY000]: General error: 17 no such column: b.id (uncaught exception) at /home/nhefti/Sites/public/restbeer/vendor/doctrine/dbal/lib/Doctrine/DBAL/Connection.php line 625 {"exception":"[object] (PDOException(code: HY000): SQLSTATE[HY000]: General error: 17 no such column: b.id at /home/nhefti/Sites/public/restbeer/vendor/doctrine/dbal/lib/Doctrine/DBAL/Connection.php:625)"} []
[2016-12-01 04:36:47] myapp.INFO: < 500 [] []
[2016-12-01 04:37:12] myapp.INFO: Matched route "GET_beers_id". {"route_parameters":{"_controller":"[object] (Closure: {})","id":"6","_route":"GET_beers_id"},"request_uri":"http://chouchou.dev:1493/beers/6"} []
[2016-12-01 04:37:12] myapp.INFO: > GET /beers/6 [] []
[2016-12-01 04:37:12] myapp.INFO: < 200 [] []
[2016-12-01 04:42:10] myapp.INFO: Matched route "GET_beers_id". {"route_parameters":{"_controller":"[object] (Closure: {})","id":"6","_route":"GET_beers_id"},"request_uri":"http://chouchou.dev:1493/beers/6"} []
[2016-12-01 04:42:10] myapp.INFO: > GET /beers/6 [] []
[2016-12-01 04:42:10] myapp.INFO: < 200 [] []
[2016-12-01 04:42:16] myapp.INFO: Matched route "GET_beers_id". {"route_parameters":{"_controller":"[object] (Closure: {})","id":"6","_route":"GET_beers_id"},"request_uri":"http://chouchou.dev:1493/beers/6"} []
[2016-12-01 04:42:16] myapp.INFO: > GET /beers/6 [] []
[2016-12-01 04:42:16] myapp.INFO: < 200 [] []
[2016-12-01 04:42:35] myapp.INFO: Matched route "GET_beers_id". {"route_parameters":{"_controller":"[object] (Closure: {})","id":"6","_route":"GET_beers_id"},"request_uri":"http://chouchou.dev:1493/beers/6"} []
[2016-12-01 04:42:35] myapp.INFO: > GET /beers/6 [] []
[2016-12-01 04:42:35] myapp.INFO: < 200 [] []
[2016-12-01 04:42:37] myapp.INFO: Matched route "PUT_beers_id". {"route_parameters":{"_controller":"[object] (Closure: {})","id":"6","_route":"PUT_beers_id"},"request_uri":"http://chouchou.dev:1493/beers/6"} []
[2016-12-01 04:42:37] myapp.INFO: > PUT /beers/6 [] []
[2016-12-01 04:42:37] myapp.INFO: < 400 [] []
[2016-12-01 04:45:09] myapp.INFO: Matched route "GET_beers_id". {"route_parameters":{"_controller":"[object] (Closure: {})","id":"6","_route":"GET_beers_id"},"request_uri":"http://chouchou.dev:1493/beers/6"} []
[2016-12-01 04:45:09] myapp.INFO: > GET /beers/6 [] []
[2016-12-01 04:45:09] myapp.INFO: < 200 [] []
[2016-12-01 04:45:10] myapp.INFO: Matched route "PUT_beers_id". {"route_parameters":{"_controller":"[object] (Closure: {})","id":"6","_route":"PUT_beers_id"},"request_uri":"http://chouchou.dev:1493/beers/6"} []
[2016-12-01 04:45:10] myapp.INFO: > PUT /beers/6 [] []
[2016-12-01 04:51:56] myapp.INFO: Matched route "GET_beers_id". {"route_parameters":{"_controller":"[object] (Closure: {})","id":"6","_route":"GET_beers_id"},"request_uri":"http://chouchou.dev:1493/beers/6"} []
[2016-12-01 04:51:56] myapp.INFO: > GET /beers/6 [] []
[2016-12-01 04:51:56] myapp.INFO: < 200 [] []
[2016-12-01 04:51:57] myapp.INFO: Matched route "PUT_beers_id". {"route_parameters":{"_controller":"[object] (Closure: {})","id":"6","_route":"PUT_beers_id"},"request_uri":"http://chouchou.dev:1493/beers/6"} []
[2016-12-01 04:51:57] myapp.INFO: > PUT /beers/6 [] []
[2016-12-01 04:51:57] myapp.INFO: < 200 [] []
[2016-12-01 04:52:02] myapp.INFO: Matched route "PUT_beers_id". {"route_parameters":{"_controller":"[object] (Closure: {})","id":"6","_route":"PUT_beers_id"},"request_uri":"http://chouchou.dev:1493/beers/6"} []
[2016-12-01 04:52:02] myapp.INFO: > PUT /beers/6 [] []
[2016-12-01 04:52:02] myapp.INFO: < 200 [] []
[2016-12-01 04:52:04] myapp.INFO: Matched route "GET_beers". {"route_parameters":{"_controller":"[object] (Closure: {})","id":null,"_route":"GET_beers"},"request_uri":"http://chouchou.dev:1493/beers"} []
[2016-12-01 04:52:04] myapp.INFO: > GET /beers [] []
[2016-12-01 04:52:04] myapp.INFO: < 200 [] []
[2016-12-01 04:52:06] myapp.INFO: Matched route "GET_beers_id". {"route_parameters":{"_controller":"[object] (Closure: {})","id":"6","_route":"GET_beers_id"},"request_uri":"http://chouchou.dev:1493/beers/6"} []
[2016-12-01 04:52:06] myapp.INFO: > GET /beers/6 [] []
[2016-12-01 04:52:06] myapp.INFO: < 200 [] []
[2016-12-01 04:52:23] myapp.INFO: Matched route "PUT_beers_id". {"route_parameters":{"_controller":"[object] (Closure: {})","id":"6","_route":"PUT_beers_id"},"request_uri":"http://chouchou.dev:1493/beers/6"} []
[2016-12-01 04:52:23] myapp.INFO: > PUT /beers/6 [] []
[2016-12-01 04:52:23] myapp.CRITICAL: PDOException: SQLSTATE[23000]: Integrity constraint violation: 19 NOT NULL constraint failed: beer.name (uncaught exception) at /home/nhefti/Sites/public/restbeer/vendor/doctrine/dbal/lib/Doctrine/DBAL/Connection.php line 754 {"exception":"[object] (PDOException(code: 23000): SQLSTATE[23000]: Integrity constraint violation: 19 NOT NULL constraint failed: beer.name at /home/nhefti/Sites/public/restbeer/vendor/doctrine/dbal/lib/Doctrine/DBAL/Connection.php:754)"} []
[2016-12-01 04:52:23] myapp.INFO: < 500 [] []
[2016-12-01 04:52:26] myapp.INFO: Matched route "GET_beers". {"route_parameters":{"_controller":"[object] (Closure: {})","id":null,"_route":"GET_beers"},"request_uri":"http://chouchou.dev:1493/beers"} []
[2016-12-01 04:52:26] myapp.INFO: > GET /beers [] []
[2016-12-01 04:52:26] myapp.INFO: < 200 [] []
[2016-12-01 04:52:27] myapp.INFO: Matched route "GET_beers_id". {"route_parameters":{"_controller":"[object] (Closure: {})","id":"6","_route":"GET_beers_id"},"request_uri":"http://chouchou.dev:1493/beers/6"} []
[2016-12-01 04:52:27] myapp.INFO: > GET /beers/6 [] []
[2016-12-01 04:52:27] myapp.INFO: < 200 [] []
[2016-12-01 04:52:33] myapp.INFO: Matched route "PUT_beers_id". {"route_parameters":{"_controller":"[object] (Closure: {})","id":"6","_route":"PUT_beers_id"},"request_uri":"http://chouchou.dev:1493/beers/6"} []
[2016-12-01 04:52:33] myapp.INFO: > PUT /beers/6 [] []
[2016-12-01 04:52:33] myapp.CRITICAL: PDOException: SQLSTATE[23000]: Integrity constraint violation: 19 NOT NULL constraint failed: beer.name (uncaught exception) at /home/nhefti/Sites/public/restbeer/vendor/doctrine/dbal/lib/Doctrine/DBAL/Connection.php line 754 {"exception":"[object] (PDOException(code: 23000): SQLSTATE[23000]: Integrity constraint violation: 19 NOT NULL constraint failed: beer.name at /home/nhefti/Sites/public/restbeer/vendor/doctrine/dbal/lib/Doctrine/DBAL/Connection.php:754)"} []
[2016-12-01 04:52:33] myapp.INFO: < 500 [] []
[2016-12-01 04:53:30] myapp.INFO: Matched route "PUT_beers_id". {"route_parameters":{"_controller":"[object] (Closure: {})","id":"6","_route":"PUT_beers_id"},"request_uri":"http://chouchou.dev:1493/beers/6"} []
[2016-12-01 04:53:30] myapp.INFO: > PUT /beers/6 [] []
[2016-12-01 04:53:30] myapp.CRITICAL: PDOException: SQLSTATE[23000]: Integrity constraint violation: 19 NOT NULL constraint failed: beer.name (uncaught exception) at /home/nhefti/Sites/public/restbeer/vendor/doctrine/dbal/lib/Doctrine/DBAL/Connection.php line 754 {"exception":"[object] (PDOException(code: 23000): SQLSTATE[23000]: Integrity constraint violation: 19 NOT NULL constraint failed: beer.name at /home/nhefti/Sites/public/restbeer/vendor/doctrine/dbal/lib/Doctrine/DBAL/Connection.php:754)"} []
[2016-12-01 04:53:30] myapp.INFO: < 500 [] []
[2016-12-01 04:53:31] myapp.INFO: Matched route "PUT_beers_id". {"route_parameters":{"_controller":"[object] (Closure: {})","id":"6","_route":"PUT_beers_id"},"request_uri":"http://chouchou.dev:1493/beers/6"} []
[2016-12-01 04:53:31] myapp.INFO: > PUT /beers/6 [] []
[2016-12-01 04:53:31] myapp.CRITICAL: PDOException: SQLSTATE[23000]: Integrity constraint violation: 19 NOT NULL constraint failed: beer.name (uncaught exception) at /home/nhefti/Sites/public/restbeer/vendor/doctrine/dbal/lib/Doctrine/DBAL/Connection.php line 754 {"exception":"[object] (PDOException(code: 23000): SQLSTATE[23000]: Integrity constraint violation: 19 NOT NULL constraint failed: beer.name at /home/nhefti/Sites/public/restbeer/vendor/doctrine/dbal/lib/Doctrine/DBAL/Connection.php:754)"} []
[2016-12-01 04:53:31] myapp.INFO: < 500 [] []
[2016-12-01 04:54:39] myapp.INFO: Matched route "PUT_beers_id". {"route_parameters":{"_controller":"[object] (Closure: {})","id":"6","_route":"PUT_beers_id"},"request_uri":"http://chouchou.dev:1493/beers/6"} []
[2016-12-01 04:54:39] myapp.INFO: > PUT /beers/6 [] []
[2016-12-01 04:54:39] myapp.CRITICAL: PDOException: SQLSTATE[23000]: Integrity constraint violation: 19 NOT NULL constraint failed: beer.name (uncaught exception) at /home/nhefti/Sites/public/restbeer/vendor/doctrine/dbal/lib/Doctrine/DBAL/Connection.php line 754 {"exception":"[object] (PDOException(code: 23000): SQLSTATE[23000]: Integrity constraint violation: 19 NOT NULL constraint failed: beer.name at /home/nhefti/Sites/public/restbeer/vendor/doctrine/dbal/lib/Doctrine/DBAL/Connection.php:754)"} []
[2016-12-01 04:54:39] myapp.INFO: < 500 [] []
[2016-12-01 04:55:19] myapp.INFO: Matched route "PUT_beers_id". {"route_parameters":{"_controller":"[object] (Closure: {})","id":"6","_route":"PUT_beers_id"},"request_uri":"http://chouchou.dev:1493/beers/6"} []
[2016-12-01 04:55:19] myapp.INFO: > PUT /beers/6 [] []
[2016-12-01 04:55:19] myapp.CRITICAL: PDOException: SQLSTATE[23000]: Integrity constraint violation: 19 NOT NULL constraint failed: beer.name (uncaught exception) at /home/nhefti/Sites/public/restbeer/vendor/doctrine/dbal/lib/Doctrine/DBAL/Connection.php line 754 {"exception":"[object] (PDOException(code: 23000): SQLSTATE[23000]: Integrity constraint violation: 19 NOT NULL constraint failed: beer.name at /home/nhefti/Sites/public/restbeer/vendor/doctrine/dbal/lib/Doctrine/DBAL/Connection.php:754)"} []
[2016-12-01 04:55:19] myapp.INFO: < 500 [] []
[2016-12-01 04:56:45] myapp.INFO: Matched route "GET_beers_id". {"route_parameters":{"_controller":"[object] (Closure: {})","id":"6","_route":"GET_beers_id"},"request_uri":"http://chouchou.dev:1493/beers/6"} []
[2016-12-01 04:56:45] myapp.INFO: > GET /beers/6 [] []
[2016-12-01 04:56:45] myapp.INFO: < 200 [] []
[2016-12-01 04:56:48] myapp.INFO: Matched route "PUT_beers_id". {"route_parameters":{"_controller":"[object] (Closure: {})","id":"6","_route":"PUT_beers_id"},"request_uri":"http://chouchou.dev:1493/beers/6"} []
[2016-12-01 04:56:48] myapp.INFO: > PUT /beers/6 [] []
[2016-12-01 04:57:04] myapp.INFO: Matched route "PUT_beers_id". {"route_parameters":{"_controller":"[object] (Closure: {})","id":"6","_route":"PUT_beers_id"},"request_uri":"http://chouchou.dev:1493/beers/6"} []
[2016-12-01 04:57:04] myapp.INFO: > PUT /beers/6 [] []
[2016-12-01 04:58:17] myapp.INFO: Matched route "PUT_beers_id". {"route_parameters":{"_controller":"[object] (Closure: {})","id":"6","_route":"PUT_beers_id"},"request_uri":"http://chouchou.dev:1493/beers/6"} []
[2016-12-01 04:58:17] myapp.INFO: > PUT /beers/6 [] []
[2016-12-01 04:58:40] myapp.INFO: Matched route "PUT_beers_id". {"route_parameters":{"_controller":"[object] (Closure: {})","id":"6","_route":"PUT_beers_id"},"request_uri":"http://chouchou.dev:1493/beers/6"} []
[2016-12-01 04:58:40] myapp.INFO: > PUT /beers/6 [] []
[2016-12-01 04:58:43] myapp.INFO: Matched route "GET_beers_id". {"route_parameters":{"_controller":"[object] (Closure: {})","id":"6","_route":"GET_beers_id"},"request_uri":"http://chouchou.dev:1493/beers/6"} []
[2016-12-01 04:58:43] myapp.INFO: > GET /beers/6 [] []
[2016-12-01 04:58:43] myapp.INFO: < 200 [] []
[2016-12-01 04:58:44] myapp.INFO: Matched route "PUT_beers_id". {"route_parameters":{"_controller":"[object] (Closure: {})","id":"6","_route":"PUT_beers_id"},"request_uri":"http://chouchou.dev:1493/beers/6"} []
[2016-12-01 04:58:44] myapp.INFO: > PUT /beers/6 [] []
[2016-12-01 05:00:37] myapp.INFO: Matched route "GET_beers_id". {"route_parameters":{"_controller":"[object] (Closure: {})","id":"6","_route":"GET_beers_id"},"request_uri":"http://chouchou.dev:1493/beers/6"} []
[2016-12-01 05:00:37] myapp.INFO: > GET /beers/6 [] []
[2016-12-01 05:00:37] myapp.INFO: < 200 [] []
[2016-12-01 05:00:38] myapp.INFO: Matched route "POST_beers_id". {"route_parameters":{"_controller":"[object] (Closure: {})","id":"6","_route":"POST_beers_id"},"request_uri":"http://chouchou.dev:1493/beers/6"} []
[2016-12-01 05:00:38] myapp.INFO: > POST /beers/6 [] []
[2016-12-01 05:00:42] myapp.INFO: Matched route "POST_beers_id". {"route_parameters":{"_controller":"[object] (Closure: {})","id":"6","_route":"POST_beers_id"},"request_uri":"http://chouchou.dev:1493/beers/6"} []
[2016-12-01 05:00:42] myapp.INFO: > POST /beers/6 [] []
[2016-12-01 05:02:01] myapp.INFO: Matched route "POST_beers_id". {"route_parameters":{"_controller":"[object] (Closure: {})","id":"6","_route":"POST_beers_id"},"request_uri":"http://chouchou.dev:1493/beers/6"} []
[2016-12-01 05:02:01] myapp.INFO: > POST /beers/6 [] []
[2016-12-01 05:02:26] myapp.INFO: Matched route "POST_beers_id". {"route_parameters":{"_controller":"[object] (Closure: {})","id":"6","_route":"POST_beers_id"},"request_uri":"http://chouchou.dev:1493/beers/6"} []
[2016-12-01 05:02:26] myapp.INFO: > POST /beers/6 [] []
[2016-12-01 05:06:28] myapp.INFO: Matched route "POST_beers_id". {"route_parameters":{"_controller":"[object] (Closure: {})","id":"6","_route":"POST_beers_id"},"request_uri":"http://chouchou.dev:1493/beers/6"} []
[2016-12-01 05:06:28] myapp.INFO: > POST /beers/6 [] []
[2016-12-01 05:06:44] myapp.INFO: Matched route "POST_beers_id". {"route_parameters":{"_controller":"[object] (Closure: {})","id":"6","_route":"POST_beers_id"},"request_uri":"http://chouchou.dev:1493/beers/6"} []
[2016-12-01 05:06:44] myapp.INFO: > POST /beers/6 [] []
[2016-12-01 05:07:04] myapp.INFO: Matched route "POST_beers_id". {"route_parameters":{"_controller":"[object] (Closure: {})","id":"6","_route":"POST_beers_id"},"request_uri":"http://chouchou.dev:1493/beers/6"} []
[2016-12-01 05:07:04] myapp.INFO: > POST /beers/6 [] []
[2016-12-01 05:07:10] myapp.INFO: Matched route "GET_beers_id". {"route_parameters":{"_controller":"[object] (Closure: {})","id":"6","_route":"GET_beers_id"},"request_uri":"http://chouchou.dev:1493/beers/6"} []
[2016-12-01 05:07:10] myapp.INFO: > GET /beers/6 [] []
[2016-12-01 05:07:10] myapp.INFO: < 200 [] []
[2016-12-01 05:07:12] myapp.INFO: Matched route "POST_beers_id". {"route_parameters":{"_controller":"[object] (Closure: {})","id":"6","_route":"POST_beers_id"},"request_uri":"http://chouchou.dev:1493/beers/6"} []
[2016-12-01 05:07:12] myapp.INFO: > POST /beers/6 [] []
[2016-12-01 05:07:19] myapp.INFO: Matched route "GET_beers". {"route_parameters":{"_controller":"[object] (Closure: {})","id":null,"_route":"GET_beers"},"request_uri":"http://chouchou.dev:1493/beers"} []
[2016-12-01 05:07:19] myapp.INFO: > GET /beers [] []
[2016-12-01 05:07:19] myapp.INFO: < 200 [] []
[2016-12-01 05:07:21] myapp.INFO: Matched route "GET_beers_id". {"route_parameters":{"_controller":"[object] (Closure: {})","id":"6","_route":"GET_beers_id"},"request_uri":"http://chouchou.dev:1493/beers/6"} []
[2016-12-01 05:07:21] myapp.INFO: > GET /beers/6 [] []
[2016-12-01 05:07:21] myapp.INFO: < 200 [] []
[2016-12-01 05:07:22] myapp.INFO: Matched route "POST_beers_id". {"route_parameters":{"_controller":"[object] (Closure: {})","id":"6","_route":"POST_beers_id"},"request_uri":"http://chouchou.dev:1493/beers/6"} []
[2016-12-01 05:07:22] myapp.INFO: > POST /beers/6 [] []
[2016-12-01 05:07:43] myapp.INFO: Matched route "GET_beers_id". {"route_parameters":{"_controller":"[object] (Closure: {})","id":"6","_route":"GET_beers_id"},"request_uri":"http://chouchou.dev:1493/beers/6"} []
[2016-12-01 05:07:43] myapp.INFO: > GET /beers/6 [] []
[2016-12-01 05:07:43] myapp.INFO: < 200 [] []
[2016-12-01 05:07:44] myapp.INFO: Matched route "POST_beers_id". {"route_parameters":{"_controller":"[object] (Closure: {})","id":"6","_route":"POST_beers_id"},"request_uri":"http://chouchou.dev:1493/beers/6"} []
[2016-12-01 05:07:44] myapp.INFO: > POST /beers/6 [] []
[2016-12-01 05:07:49] myapp.INFO: Matched route "GET_beers_id". {"route_parameters":{"_controller":"[object] (Closure: {})","id":"6","_route":"GET_beers_id"},"request_uri":"http://chouchou.dev:1493/beers/6"} []
[2016-12-01 05:07:49] myapp.INFO: > GET /beers/6 [] []
[2016-12-01 05:07:49] myapp.INFO: < 200 [] []
[2016-12-01 05:07:51] myapp.INFO: Matched route "POST_beers_id". {"route_parameters":{"_controller":"[object] (Closure: {})","id":"6","_route":"POST_beers_id"},"request_uri":"http://chouchou.dev:1493/beers/6"} []
[2016-12-01 05:07:51] myapp.INFO: > POST /beers/6 [] []
[2016-12-01 05:07:54] myapp.INFO: Matched route "POST_beers_id". {"route_parameters":{"_controller":"[object] (Closure: {})","id":"6","_route":"POST_beers_id"},"request_uri":"http://chouchou.dev:1493/beers/6"} []
[2016-12-01 05:07:54] myapp.INFO: > POST /beers/6 [] []
[2016-12-01 05:08:11] myapp.INFO: Matched route "POST_beers_id". {"route_parameters":{"_controller":"[object] (Closure: {})","id":"6","_route":"POST_beers_id"},"request_uri":"http://chouchou.dev:1493/beers/6"} []
[2016-12-01 05:08:11] myapp.INFO: > POST /beers/6 [] []
[2016-12-01 05:08:52] myapp.INFO: Matched route "POST_beers_id". {"route_parameters":{"_controller":"[object] (Closure: {})","id":"6","_route":"POST_beers_id"},"request_uri":"http://chouchou.dev:1493/beers/6"} []
[2016-12-01 05:08:52] myapp.INFO: > POST /beers/6 [] []
[2016-12-01 05:08:52] myapp.CRITICAL: PDOException: SQLSTATE[23000]: Integrity constraint violation: 19 NOT NULL constraint failed: beer.name (uncaught exception) at /home/nhefti/Sites/public/restbeer/vendor/doctrine/dbal/lib/Doctrine/DBAL/Connection.php line 754 {"exception":"[object] (PDOException(code: 23000): SQLSTATE[23000]: Integrity constraint violation: 19 NOT NULL constraint failed: beer.name at /home/nhefti/Sites/public/restbeer/vendor/doctrine/dbal/lib/Doctrine/DBAL/Connection.php:754)"} []
[2016-12-01 05:08:52] myapp.INFO: < 500 [] []
[2016-12-01 05:09:09] myapp.INFO: Matched route "POST_beers_id". {"route_parameters":{"_controller":"[object] (Closure: {})","id":"6","_route":"POST_beers_id"},"request_uri":"http://chouchou.dev:1493/beers/6"} []
[2016-12-01 05:09:09] myapp.INFO: > POST /beers/6 [] []
[2016-12-01 05:09:09] myapp.INFO: < 200 [] []
[2016-12-01 05:09:12] myapp.INFO: Matched route "GET_beers". {"route_parameters":{"_controller":"[object] (Closure: {})","id":null,"_route":"GET_beers"},"request_uri":"http://chouchou.dev:1493/beers"} []
[2016-12-01 05:09:12] myapp.INFO: > GET /beers [] []
[2016-12-01 05:09:12] myapp.INFO: < 200 [] []
[2016-12-01 05:09:13] myapp.INFO: Matched route "GET_beers_id". {"route_parameters":{"_controller":"[object] (Closure: {})","id":"6","_route":"GET_beers_id"},"request_uri":"http://chouchou.dev:1493/beers/6"} []
[2016-12-01 05:09:13] myapp.INFO: > GET /beers/6 [] []
[2016-12-01 05:09:13] myapp.INFO: < 200 [] []
[2016-12-01 05:09:20] myapp.INFO: Matched route "POST_beers_id". {"route_parameters":{"_controller":"[object] (Closure: {})","id":"6","_route":"POST_beers_id"},"request_uri":"http://chouchou.dev:1493/beers/6"} []
[2016-12-01 05:09:20] myapp.INFO: > POST /beers/6 [] []
[2016-12-01 05:09:20] myapp.INFO: < 200 [] []
[2016-12-01 05:09:23] myapp.INFO: Matched route "GET_beers". {"route_parameters":{"_controller":"[object] (Closure: {})","id":null,"_route":"GET_beers"},"request_uri":"http://chouchou.dev:1493/beers"} []
[2016-12-01 05:09:23] myapp.INFO: > GET /beers [] []
[2016-12-01 05:09:23] myapp.INFO: < 200 [] []
[2016-12-01 05:27:22] myapp.INFO: Matched route "GET_beers_id". {"route_parameters":{"_controller":"[object] (Closure: {})","id":"4","_route":"GET_beers_id"},"request_uri":"http://chouchou.dev:1493/beers/4"} []
[2016-12-01 05:27:22] myapp.INFO: > GET /beers/4 [] []
[2016-12-01 05:27:22] myapp.INFO: < 200 [] []
[2016-12-01 05:27:26] myapp.INFO: Matched route "POST_beers_id". {"route_parameters":{"_controller":"[object] (Closure: {})","id":"4","_route":"POST_beers_id"},"request_uri":"http://chouchou.dev:1493/beers/4"} []
[2016-12-01 05:27:26] myapp.INFO: > POST /beers/4 [] []
[2016-12-01 05:27:26] myapp.CRITICAL: PDOException: SQLSTATE[HY000]: General error: 1 near "produts": syntax error (uncaught exception) at /home/nhefti/Sites/public/restbeer/vendor/doctrine/dbal/lib/Doctrine/DBAL/Connection.php line 749 {"exception":"[object] (PDOException(code: HY000): SQLSTATE[HY000]: General error: 1 near \"produts\": syntax error at /home/nhefti/Sites/public/restbeer/vendor/doctrine/dbal/lib/Doctrine/DBAL/Connection.php:749)"} []
[2016-12-01 05:27:26] myapp.INFO: < 500 [] []
[2016-12-01 05:27:50] myapp.INFO: Matched route "POST_beers_id". {"route_parameters":{"_controller":"[object] (Closure: {})","id":"4","_route":"POST_beers_id"},"request_uri":"http://chouchou.dev:1493/beers/4"} []
[2016-12-01 05:27:50] myapp.INFO: > POST /beers/4 [] []
[2016-12-01 05:27:50] myapp.CRITICAL: PDOException: SQLSTATE[HY000]: General error: 1 no such column: produts (uncaught exception) at /home/nhefti/Sites/public/restbeer/vendor/doctrine/dbal/lib/Doctrine/DBAL/Connection.php line 749 {"exception":"[object] (PDOException(code: HY000): SQLSTATE[HY000]: General error: 1 no such column: produts at /home/nhefti/Sites/public/restbeer/vendor/doctrine/dbal/lib/Doctrine/DBAL/Connection.php:749)"} []
[2016-12-01 05:27:50] myapp.INFO: < 500 [] []
[2016-12-01 05:28:11] myapp.INFO: Matched route "POST_beers_id". {"route_parameters":{"_controller":"[object] (Closure: {})","id":"4","_route":"POST_beers_id"},"request_uri":"http://chouchou.dev:1493/beers/4"} []
[2016-12-01 05:28:11] myapp.INFO: > POST /beers/4 [] []
[2016-12-01 05:28:11] myapp.CRITICAL: PDOException: SQLSTATE[HY000]: General error: 1 no such column: produts (uncaught exception) at /home/nhefti/Sites/public/restbeer/vendor/doctrine/dbal/lib/Doctrine/DBAL/Connection.php line 749 {"exception":"[object] (PDOException(code: HY000): SQLSTATE[HY000]: General error: 1 no such column: produts at /home/nhefti/Sites/public/restbeer/vendor/doctrine/dbal/lib/Doctrine/DBAL/Connection.php:749)"} []
[2016-12-01 05:28:11] myapp.INFO: < 500 [] []
[2016-12-01 05:28:23] myapp.INFO: Matched route "POST_beers_id". {"route_parameters":{"_controller":"[object] (Closure: {})","id":"4","_route":"POST_beers_id"},"request_uri":"http://chouchou.dev:1493/beers/4"} []
[2016-12-01 05:28:23] myapp.INFO: > POST /beers/4 [] []
[2016-12-01 05:28:23] myapp.CRITICAL: PDOException: SQLSTATE[HY000]: General error: 1 no such column: products (uncaught exception) at /home/nhefti/Sites/public/restbeer/vendor/doctrine/dbal/lib/Doctrine/DBAL/Connection.php line 749 {"exception":"[object] (PDOException(code: HY000): SQLSTATE[HY000]: General error: 1 no such column: products at /home/nhefti/Sites/public/restbeer/vendor/doctrine/dbal/lib/Doctrine/DBAL/Connection.php:749)"} []
[2016-12-01 05:28:23] myapp.INFO: < 500 [] []
[2016-12-01 05:28:59] myapp.INFO: Matched route "POST_beers_id". {"route_parameters":{"_controller":"[object] (Closure: {})","id":"4","_route":"POST_beers_id"},"request_uri":"http://chouchou.dev:1493/beers/4"} []
[2016-12-01 05:28:59] myapp.INFO: > POST /beers/4 [] []
[2016-12-01 05:28:59] myapp.CRITICAL: PDOException: SQLSTATE[HY000]: General error: 1 no such column: products (uncaught exception) at /home/nhefti/Sites/public/restbeer/vendor/doctrine/dbal/lib/Doctrine/DBAL/Connection.php line 749 {"exception":"[object] (PDOException(code: HY000): SQLSTATE[HY000]: General error: 1 no such column: products at /home/nhefti/Sites/public/restbeer/vendor/doctrine/dbal/lib/Doctrine/DBAL/Connection.php:749)"} []
[2016-12-01 05:28:59] myapp.INFO: < 500 [] []
[2016-12-01 05:29:32] myapp.INFO: Matched route "GET_beers_id". {"route_parameters":{"_controller":"[object] (Closure: {})","id":"4","_route":"GET_beers_id"},"request_uri":"http://chouchou.dev:1493/beers/4"} []
[2016-12-01 05:29:32] myapp.INFO: > GET /beers/4 [] []
[2016-12-01 05:29:32] myapp.INFO: < 200 [] []
[2016-12-01 05:29:33] myapp.INFO: Matched route "POST_beers_id". {"route_parameters":{"_controller":"[object] (Closure: {})","id":"4","_route":"POST_beers_id"},"request_uri":"http://chouchou.dev:1493/beers/4"} []
[2016-12-01 05:29:33] myapp.INFO: > POST /beers/4 [] []
[2016-12-01 05:29:33] myapp.CRITICAL: PDOException: SQLSTATE[HY000]: General error: 1 no such column: products (uncaught exception) at /home/nhefti/Sites/public/restbeer/vendor/doctrine/dbal/lib/Doctrine/DBAL/Connection.php line 749 {"exception":"[object] (PDOException(code: HY000): SQLSTATE[HY000]: General error: 1 no such column: products at /home/nhefti/Sites/public/restbeer/vendor/doctrine/dbal/lib/Doctrine/DBAL/Connection.php:749)"} []
[2016-12-01 05:29:33] myapp.INFO: < 500 [] []
[2016-12-01 05:30:26] myapp.INFO: Matched route "POST_beers_id". {"route_parameters":{"_controller":"[object] (Closure: {})","id":"4","_route":"POST_beers_id"},"request_uri":"http://chouchou.dev:1493/beers/4"} []
[2016-12-01 05:30:26] myapp.INFO: > POST /beers/4 [] []
[2016-12-01 05:30:26] myapp.CRITICAL: PDOException: SQLSTATE[HY000]: General error: 1 no such column: products (uncaught exception) at /home/nhefti/Sites/public/restbeer/vendor/doctrine/dbal/lib/Doctrine/DBAL/Connection.php line 749 {"exception":"[object] (PDOException(code: HY000): SQLSTATE[HY000]: General error: 1 no such column: products at /home/nhefti/Sites/public/restbeer/vendor/doctrine/dbal/lib/Doctrine/DBAL/Connection.php:749)"} []
[2016-12-01 05:30:26] myapp.INFO: < 500 [] []
[2016-12-01 05:31:35] myapp.INFO: Matched route "POST_beers_id". {"route_parameters":{"_controller":"[object] (Closure: {})","id":"4","_route":"POST_beers_id"},"request_uri":"http://chouchou.dev:1493/beers/4"} []
[2016-12-01 05:31:35] myapp.INFO: > POST /beers/4 [] []
[2016-12-01 05:31:35] myapp.CRITICAL: PDOException: SQLSTATE[HY000]: General error: 1 no such column: products (uncaught exception) at /home/nhefti/Sites/public/restbeer/vendor/doctrine/dbal/lib/Doctrine/DBAL/Connection.php line 749 {"exception":"[object] (PDOException(code: HY000): SQLSTATE[HY000]: General error: 1 no such column: products at /home/nhefti/Sites/public/restbeer/vendor/doctrine/dbal/lib/Doctrine/DBAL/Connection.php:749)"} []
[2016-12-01 05:31:35] myapp.INFO: < 500 [] []
[2016-12-01 05:31:51] myapp.INFO: Matched route "POST_beers_id". {"route_parameters":{"_controller":"[object] (Closure: {})","id":"4","_route":"POST_beers_id"},"request_uri":"http://chouchou.dev:1493/beers/4"} []
[2016-12-01 05:31:51] myapp.INFO: > POST /beers/4 [] []
[2016-12-01 05:31:51] myapp.INFO: < 200 [] []
[2016-12-01 05:32:02] myapp.INFO: Matched route "GET_beers_id". {"route_parameters":{"_controller":"[object] (Closure: {})","id":"4","_route":"GET_beers_id"},"request_uri":"http://chouchou.dev:1493/beers/4"} []
[2016-12-01 05:32:02] myapp.INFO: > GET /beers/4 [] []
[2016-12-01 05:32:02] myapp.INFO: < 200 [] []
[2016-12-01 05:32:18] myapp.INFO: Matched route "GET_beers_id". {"route_parameters":{"_controller":"[object] (Closure: {})","id":"4","_route":"GET_beers_id"},"request_uri":"http://chouchou.dev:1493/beers/4"} []
[2016-12-01 05:32:18] myapp.INFO: > GET /beers/4 [] []
[2016-12-01 05:32:18] myapp.INFO: < 200 [] []
[2016-12-01 05:33:08] myapp.INFO: Matched route "GET_beers_id". {"route_parameters":{"_controller":"[object] (Closure: {})","id":"4","_route":"GET_beers_id"},"request_uri":"http://chouchou.dev:1493/beers/4"} []
[2016-12-01 05:33:08] myapp.INFO: > GET /beers/4 [] []
[2016-12-01 05:33:08] myapp.INFO: < 200 [] []
[2016-12-01 05:33:46] myapp.INFO: Matched route "GET_beers_id". {"route_parameters":{"_controller":"[object] (Closure: {})","id":"4","_route":"GET_beers_id"},"request_uri":"http://chouchou.dev:1493/beers/4"} []
[2016-12-01 05:33:46] myapp.INFO: > GET /beers/4 [] []
[2016-12-01 05:33:46] myapp.INFO: < 200 [] []
[2016-12-01 05:34:31] myapp.INFO: Matched route "POST_beers_id". {"route_parameters":{"_controller":"[object] (Closure: {})","id":"undefined","_route":"POST_beers_id"},"request_uri":"http://chouchou.dev:1493/beers/undefined"} []
[2016-12-01 05:34:31] myapp.INFO: > POST /beers/undefined [] []
[2016-12-01 05:34:31] myapp.INFO: < 200 [] []
[2016-12-01 05:34:34] myapp.INFO: Matched route "GET_beers_id". {"route_parameters":{"_controller":"[object] (Closure: {})","id":"4","_route":"GET_beers_id"},"request_uri":"http://chouchou.dev:1493/beers/4"} []
[2016-12-01 05:34:34] myapp.INFO: > GET /beers/4 [] []
[2016-12-01 05:34:34] myapp.INFO: < 200 [] []
[2016-12-01 05:34:49] myapp.INFO: Matched route "GET_beers_id". {"route_parameters":{"_controller":"[object] (Closure: {})","id":"4","_route":"GET_beers_id"},"request_uri":"http://chouchou.dev:1493/beers/4"} []
[2016-12-01 05:34:49] myapp.INFO: > GET /beers/4 [] []
[2016-12-01 05:34:49] myapp.INFO: < 200 [] []
[2016-12-01 05:36:00] myapp.INFO: Matched route "GET_beers_id". {"route_parameters":{"_controller":"[object] (Closure: {})","id":"4","_route":"GET_beers_id"},"request_uri":"http://chouchou.dev:1493/beers/4"} []
[2016-12-01 05:36:00] myapp.INFO: > GET /beers/4 [] []
[2016-12-01 05:36:00] myapp.INFO: < 200 [] []
[2016-12-01 05:36:13] myapp.INFO: Matched route "GET_beers_id". {"route_parameters":{"_controller":"[object] (Closure: {})","id":"4","_route":"GET_beers_id"},"request_uri":"http://chouchou.dev:1493/beers/4"} []
[2016-12-01 05:36:13] myapp.INFO: > GET /beers/4 [] []
[2016-12-01 05:36:13] myapp.INFO: < 200 [] []
[2016-12-01 05:36:31] myapp.INFO: Matched route "GET_beers_id". {"route_parameters":{"_controller":"[object] (Closure: {})","id":"4","_route":"GET_beers_id"},"request_uri":"http://chouchou.dev:1493/beers/4"} []
[2016-12-01 05:36:31] myapp.INFO: > GET /beers/4 [] []
[2016-12-01 05:36:31] myapp.INFO: < 200 [] []
[2016-12-01 05:36:50] myapp.INFO: Matched route "GET_beers_id". {"route_parameters":{"_controller":"[object] (Closure: {})","id":"4","_route":"GET_beers_id"},"request_uri":"http://chouchou.dev:1493/beers/4"} []
[2016-12-01 05:36:50] myapp.INFO: > GET /beers/4 [] []
[2016-12-01 05:36:50] myapp.INFO: < 200 [] []
[2016-12-01 05:37:03] myapp.INFO: Matched route "GET_beers_id". {"route_parameters":{"_controller":"[object] (Closure: {})","id":"4","_route":"GET_beers_id"},"request_uri":"http://chouchou.dev:1493/beers/4"} []
[2016-12-01 05:37:03] myapp.INFO: > GET /beers/4 [] []
[2016-12-01 05:37:03] myapp.INFO: < 200 [] []
[2016-12-01 05:38:18] myapp.INFO: Matched route "GET_beers_id". {"route_parameters":{"_controller":"[object] (Closure: {})","id":"4","_route":"GET_beers_id"},"request_uri":"http://chouchou.dev:1493/beers/4"} []
[2016-12-01 05:38:18] myapp.INFO: > GET /beers/4 [] []
[2016-12-01 05:38:18] myapp.INFO: < 200 [] []
[2016-12-01 05:38:24] myapp.INFO: Matched route "POST_beers_id". {"route_parameters":{"_controller":"[object] (Closure: {})","id":"undefined","_route":"POST_beers_id"},"request_uri":"http://chouchou.dev:1493/beers/undefined"} []
[2016-12-01 05:38:24] myapp.INFO: > POST /beers/undefined [] []
[2016-12-01 05:38:24] myapp.INFO: < 200 [] []
[2016-12-01 05:38:27] myapp.INFO: Matched route "GET_beers_id". {"route_parameters":{"_controller":"[object] (Closure: {})","id":"4","_route":"GET_beers_id"},"request_uri":"http://chouchou.dev:1493/beers/4"} []
[2016-12-01 05:38:27] myapp.INFO: > GET /beers/4 [] []
[2016-12-01 05:38:27] myapp.INFO: < 200 [] []
[2016-12-01 05:38:32] myapp.INFO: Matched route "GET_beers_id". {"route_parameters":{"_controller":"[object] (Closure: {})","id":"4","_route":"GET_beers_id"},"request_uri":"http://chouchou.dev:1493/beers/4"} []
[2016-12-01 05:38:32] myapp.INFO: > GET /beers/4 [] []
[2016-12-01 05:38:32] myapp.INFO: < 200 [] []
[2016-12-01 05:38:48] myapp.INFO: Matched route "POST_beers_id". {"route_parameters":{"_controller":"[object] (Closure: {})","id":"undefined","_route":"POST_beers_id"},"request_uri":"http://chouchou.dev:1493/beers/undefined"} []
[2016-12-01 05:38:48] myapp.INFO: > POST /beers/undefined [] []
[2016-12-01 05:38:48] myapp.INFO: < 200 [] []
[2016-12-01 05:39:42] myapp.INFO: Matched route "GET_beers_id". {"route_parameters":{"_controller":"[object] (Closure: {})","id":"4","_route":"GET_beers_id"},"request_uri":"http://chouchou.dev:1493/beers/4"} []
[2016-12-01 05:39:42] myapp.INFO: > GET /beers/4 [] []
[2016-12-01 05:39:42] myapp.INFO: < 200 [] []
[2016-12-01 05:40:33] myapp.INFO: Matched route "POST_beers_id". {"route_parameters":{"_controller":"[object] (Closure: {})","id":"undefined","_route":"POST_beers_id"},"request_uri":"http://chouchou.dev:1493/beers/undefined"} []
[2016-12-01 05:40:33] myapp.INFO: > POST /beers/undefined [] []
[2016-12-01 05:40:33] myapp.INFO: < 200 [] []
[2016-12-01 05:40:38] myapp.INFO: Matched route "GET_beers_id". {"route_parameters":{"_controller":"[object] (Closure: {})","id":"4","_route":"GET_beers_id"},"request_uri":"http://chouchou.dev:1493/beers/4"} []
[2016-12-01 05:40:38] myapp.INFO: > GET /beers/4 [] []
[2016-12-01 05:40:38] myapp.INFO: < 200 [] []
[2016-12-01 05:40:57] myapp.INFO: Matched route "GET_beers_id". {"route_parameters":{"_controller":"[object] (Closure: {})","id":"4","_route":"GET_beers_id"},"request_uri":"http://chouchou.dev:1493/beers/4"} []
[2016-12-01 05:40:57] myapp.INFO: > GET /beers/4 [] []
[2016-12-01 05:40:57] myapp.INFO: < 200 [] []
[2016-12-01 05:41:36] myapp.INFO: Matched route "GET_beers_id". {"route_parameters":{"_controller":"[object] (Closure: {})","id":"4","_route":"GET_beers_id"},"request_uri":"http://chouchou.dev:1493/beers/4"} []
[2016-12-01 05:41:36] myapp.INFO: > GET /beers/4 [] []
[2016-12-01 05:41:36] myapp.INFO: < 200 [] []
[2016-12-01 05:41:37] myapp.INFO: Matched route "POST_beers_id". {"route_parameters":{"_controller":"[object] (Closure: {})","id":"4","_route":"POST_beers_id"},"request_uri":"http://chouchou.dev:1493/beers/4"} []
[2016-12-01 05:41:37] myapp.INFO: > POST /beers/4 [] []
[2016-12-01 05:41:37] myapp.INFO: < 200 [] []
[2016-12-01 05:41:50] myapp.INFO: Matched route "GET_beers_id". {"route_parameters":{"_controller":"[object] (Closure: {})","id":"4","_route":"GET_beers_id"},"request_uri":"http://chouchou.dev:1493/beers/4"} []
[2016-12-01 05:41:50] myapp.INFO: > GET /beers/4 [] []
[2016-12-01 05:41:50] myapp.INFO: < 200 [] []
[2016-12-10 12:30:42] app.INFO: Matched route "{route}". {"route":"GET_nelson","route_parameters":{"_controller":"[object] (Closure: {})","id":null,"_route":"GET_nelson"},"request_uri":"http://localhost:8081/nelson","method":"GET"} []
[2016-12-10 12:30:42] app.DEBUG: > GET /nelson [] []
[2016-12-10 12:30:42] app.DEBUG: < 200 [] []
[2016-12-10 12:31:19] app.INFO: Matched route "{route}". {"route":"GET_nelson","route_parameters":{"_controller":"[object] (Closure: {})","id":null,"_route":"GET_nelson"},"request_uri":"http://localhost:8081/nelson","method":"GET"} []
[2016-12-10 12:31:19] app.DEBUG: > GET /nelson [] []
[2016-12-10 12:31:19] app.DEBUG: < 200 [] []
[2016-12-10 12:34:42] app.INFO: Matched route "{route}". {"route":"GET_nelson","route_parameters":{"_controller":"[object] (Closure: {})","id":null,"_route":"GET_nelson"},"request_uri":"http://localhost:8081/nelson","method":"GET"} []
[2016-12-10 12:34:42] app.DEBUG: > GET /nelson [] []
[2016-12-10 12:34:42] app.DEBUG: < 200 [] []
[2016-12-10 12:34:47] app.INFO: Matched route "{route}". {"route":"GET_nelson_id","route_parameters":{"_controller":"[object] (Closure: {})","id":"1","_route":"GET_nelson_id"},"request_uri":"http://localhost:8081/nelson/1","method":"GET"} []
[2016-12-10 12:34:47] app.DEBUG: > GET /nelson/1 [] []
[2016-12-10 12:34:47] app.DEBUG: < 200 [] []
[2016-12-10 12:41:29] app.INFO: Matched route "{route}". {"route":"GET_nelson","route_parameters":{"_controller":"[object] (Closure: {})","id":null,"_route":"GET_nelson"},"request_uri":"http://localhost:8081/nelson","method":"GET"} []
[2016-12-10 12:41:29] app.DEBUG: > GET /nelson [] []
[2016-12-10 12:41:29] app.CRITICAL: Doctrine\DBAL\Exception\TableNotFoundException: An exception occurred while executing 'SELECT b.id, b.name, s.name AS style FROM nelson b, style s WHERE b.style_id = s.id':  SQLSTATE[HY000]: General error: 1 no such table: style (uncaught exception) at /home/nhefti/Sites/public/nelson-io/vendor/doctrine/dbal/lib/Doctrine/DBAL/Driver/AbstractSQLiteDriver.php line 58 {"exception":"[object] (Doctrine\\DBAL\\Exception\\TableNotFoundException(code: 0): An exception occurred while executing 'SELECT b.id, b.name, s.name AS style FROM nelson b, style s WHERE b.style_id = s.id':\n\nSQLSTATE[HY000]: General error: 1 no such table: style at /home/nhefti/Sites/public/nelson-io/vendor/doctrine/dbal/lib/Doctrine/DBAL/Driver/AbstractSQLiteDriver.php:58, Doctrine\\DBAL\\Driver\\PDOException(code: HY000): SQLSTATE[HY000]: General error: 1 no such table: style at /home/nhefti/Sites/public/nelson-io/vendor/doctrine/dbal/lib/Doctrine/DBAL/Driver/PDOConnection.php:106, PDOException(code: HY000): SQLSTATE[HY000]: General error: 1 no such table: style at /home/nhefti/Sites/public/nelson-io/vendor/doctrine/dbal/lib/Doctrine/DBAL/Driver/PDOConnection.php:104)"} []
[2016-12-10 12:41:29] app.DEBUG: < 500 [] []
[2016-12-10 12:42:02] app.INFO: Matched route "{route}". {"route":"GET_nelson","route_parameters":{"_controller":"[object] (Closure: {})","id":null,"_route":"GET_nelson"},"request_uri":"http://localhost:8081/nelson","method":"GET"} []
[2016-12-10 12:42:02] app.DEBUG: > GET /nelson [] []
[2016-12-10 12:42:02] app.DEBUG: < 200 [] []
[2016-12-10 12:42:26] app.INFO: Matched route "{route}". {"route":"GET_nelson","route_parameters":{"_controller":"[object] (Closure: {})","id":null,"_route":"GET_nelson"},"request_uri":"http://localhost:8081/nelson","method":"GET"} []
[2016-12-10 12:42:26] app.DEBUG: > GET /nelson [] []
[2016-12-10 12:42:26] app.DEBUG: < 200 [] []
[2016-12-10 12:42:35] app.INFO: Matched route "{route}". {"route":"GET_nelson","route_parameters":{"_controller":"[object] (Closure: {})","id":null,"_route":"GET_nelson"},"request_uri":"http://localhost:8081/nelson","method":"GET"} []
[2016-12-10 12:42:35] app.DEBUG: > GET /nelson [] []
[2016-12-10 12:42:35] app.DEBUG: < 200 [] []
[2016-12-10 12:42:56] app.INFO: Matched route "{route}". {"route":"GET_nelson","route_parameters":{"_controller":"[object] (Closure: {})","id":null,"_route":"GET_nelson"},"request_uri":"http://localhost:8081/nelson","method":"GET"} []
[2016-12-10 12:42:56] app.DEBUG: > GET /nelson [] []
[2016-12-10 12:42:56] app.DEBUG: < 200 [] []
[2016-12-10 12:56:09] app.ERROR: Symfony\Component\HttpKernel\Exception\NotFoundHttpException: No route found for "GET /nelsons" (from "http://localhost:63342/nelson-io/htdocs/index.html?_ijt=ou8qc0f58q2trkb3eibn38p1dq") (uncaught exception) at /home/nhefti/Sites/public/nelson-io/vendor/symfony/http-kernel/EventListener/RouterListener.php line 125 {"exception":"[object] (Symfony\\Component\\HttpKernel\\Exception\\NotFoundHttpException(code: 0): No route found for \"GET /nelsons\" (from \"http://localhost:63342/nelson-io/htdocs/index.html?_ijt=ou8qc0f58q2trkb3eibn38p1dq\") at /home/nhefti/Sites/public/nelson-io/vendor/symfony/http-kernel/EventListener/RouterListener.php:125, Symfony\\Component\\Routing\\Exception\\ResourceNotFoundException(code: 0): No routes found for \"/nelsons\". at /home/nhefti/Sites/public/nelson-io/vendor/symfony/routing/Matcher/UrlMatcher.php:98)"} []
[2016-12-10 12:56:09] app.DEBUG: < 404 [] []
[2016-12-10 12:56:24] app.INFO: Matched route "{route}". {"route":"GET_nelsons","route_parameters":{"_controller":"[object] (Closure: {})","id":null,"_route":"GET_nelsons"},"request_uri":"http://localhost:8081/nelsons","method":"GET"} []
[2016-12-10 12:56:24] app.DEBUG: > GET /nelsons [] []
[2016-12-10 12:56:24] app.DEBUG: < 200 [] []
[2016-12-10 12:57:02] app.INFO: Matched route "{route}". {"route":"GET_nelsons","route_parameters":{"_controller":"[object] (Closure: {})","id":null,"_route":"GET_nelsons"},"request_uri":"http://localhost:8081/nelsons","method":"GET"} []
[2016-12-10 12:57:02] app.DEBUG: > GET /nelsons [] []
[2016-12-10 12:57:02] app.DEBUG: < 200 [] []
[2016-12-10 12:57:28] app.INFO: Matched route "{route}". {"route":"GET_nelsons","route_parameters":{"_controller":"[object] (Closure: {})","id":null,"_route":"GET_nelsons"},"request_uri":"http://localhost:8081/nelsons","method":"GET"} []
[2016-12-10 12:57:28] app.DEBUG: > GET /nelsons [] []
[2016-12-10 12:57:28] app.DEBUG: < 200 [] []
[2016-12-10 12:57:38] app.INFO: Matched route "{route}". {"route":"GET_nelsons","route_parameters":{"_controller":"[object] (Closure: {})","id":null,"_route":"GET_nelsons"},"request_uri":"http://localhost:8081/nelsons","method":"GET"} []
[2016-12-10 12:57:38] app.DEBUG: > GET /nelsons [] []
[2016-12-10 12:57:38] app.DEBUG: < 200 [] []
[2016-12-10 12:58:19] app.INFO: Matched route "{route}". {"route":"GET_nelsons","route_parameters":{"_controller":"[object] (Closure: {})","id":null,"_route":"GET_nelsons"},"request_uri":"http://localhost:8081/nelsons","method":"GET"} []
[2016-12-10 12:58:19] app.DEBUG: > GET /nelsons [] []
[2016-12-10 12:58:19] app.DEBUG: < 200 [] []
[2016-12-10 12:58:28] app.INFO: Matched route "{route}". {"route":"GET_nelsons","route_parameters":{"_controller":"[object] (Closure: {})","id":null,"_route":"GET_nelsons"},"request_uri":"http://localhost:8081/nelsons","method":"GET"} []
[2016-12-10 12:58:28] app.DEBUG: > GET /nelsons [] []
[2016-12-10 12:58:28] app.DEBUG: < 200 [] []
[2016-12-10 12:59:04] app.INFO: Matched route "{route}". {"route":"GET_nelson_id","route_parameters":{"_controller":"[object] (Closure: {})","id":"1","_route":"GET_nelson_id"},"request_uri":"http://localhost:8081/nelson/1","method":"GET"} []
[2016-12-10 12:59:04] app.DEBUG: > GET /nelson/1 [] []
[2016-12-10 12:59:04] app.DEBUG: < 200 [] []
[2016-12-10 12:59:23] app.INFO: Matched route "{route}". {"route":"GET_nelson_id","route_parameters":{"_controller":"[object] (Closure: {})","id":"1","_route":"GET_nelson_id"},"request_uri":"http://localhost:8081/nelson/1","method":"GET"} []
[2016-12-10 12:59:23] app.DEBUG: > GET /nelson/1 [] []
[2016-12-10 12:59:23] app.DEBUG: < 200 [] []
[2016-12-10 12:59:47] app.INFO: Matched route "{route}". {"route":"GET_nelson_id","route_parameters":{"_controller":"[object] (Closure: {})","id":"1","_route":"GET_nelson_id"},"request_uri":"http://localhost:8081/nelson/1","method":"GET"} []
[2016-12-10 12:59:47] app.DEBUG: > GET /nelson/1 [] []
[2016-12-10 12:59:47] app.DEBUG: < 200 [] []
[2016-12-10 13:00:39] app.INFO: Matched route "{route}". {"route":"GET_nelson_id","route_parameters":{"_controller":"[object] (Closure: {})","id":"1","_route":"GET_nelson_id"},"request_uri":"http://localhost:8081/nelson/1","method":"GET"} []
[2016-12-10 13:00:39] app.DEBUG: > GET /nelson/1 [] []
[2016-12-10 13:00:39] app.DEBUG: < 200 [] []
[2016-12-10 13:00:49] app.INFO: Matched route "{route}". {"route":"GET_nelson_id","route_parameters":{"_controller":"[object] (Closure: {})","id":"1","_route":"GET_nelson_id"},"request_uri":"http://localhost:8081/nelson/1","method":"GET"} []
[2016-12-10 13:00:49] app.DEBUG: > GET /nelson/1 [] []
[2016-12-10 13:00:49] app.DEBUG: < 200 [] []
[2016-12-10 13:01:03] app.INFO: Matched route "{route}". {"route":"GET_nelson_id","route_parameters":{"_controller":"[object] (Closure: {})","id":"1","_route":"GET_nelson_id"},"request_uri":"http://localhost:8081/nelson/1","method":"GET"} []
[2016-12-10 13:01:03] app.DEBUG: > GET /nelson/1 [] []
[2016-12-10 13:01:03] app.DEBUG: < 200 [] []
[2016-12-10 13:01:48] app.INFO: Matched route "{route}". {"route":"GET_nelson_id","route_parameters":{"_controller":"[object] (Closure: {})","id":"1","_route":"GET_nelson_id"},"request_uri":"http://localhost:8081/nelson/1","method":"GET"} []
[2016-12-10 13:01:48] app.DEBUG: > GET /nelson/1 [] []
[2016-12-10 13:01:48] app.DEBUG: < 200 [] []
[2016-12-10 13:01:49] app.ERROR: Symfony\Component\HttpKernel\Exception\MethodNotAllowedHttpException: No route found for "OPTIONS /nelson/1": Method Not Allowed (Allow: GET, POST, DELETE) (uncaught exception) at /home/nhefti/Sites/public/nelson-io/vendor/symfony/http-kernel/EventListener/RouterListener.php line 129 {"exception":"[object] (Symfony\\Component\\HttpKernel\\Exception\\MethodNotAllowedHttpException(code: 0): No route found for \"OPTIONS /nelson/1\": Method Not Allowed (Allow: GET, POST, DELETE) at /home/nhefti/Sites/public/nelson-io/vendor/symfony/http-kernel/EventListener/RouterListener.php:129, Symfony\\Component\\Routing\\Exception\\MethodNotAllowedException(code: 0):  at /home/nhefti/Sites/public/nelson-io/vendor/symfony/routing/Matcher/UrlMatcher.php:97)"} []
[2016-12-10 13:01:49] app.DEBUG: < 405 [] []
[2016-12-10 13:02:05] app.ERROR: Symfony\Component\HttpKernel\Exception\MethodNotAllowedHttpException: No route found for "OPTIONS /nelson/1": Method Not Allowed (Allow: GET, POST, DELETE) (uncaught exception) at /home/nhefti/Sites/public/nelson-io/vendor/symfony/http-kernel/EventListener/RouterListener.php line 129 {"exception":"[object] (Symfony\\Component\\HttpKernel\\Exception\\MethodNotAllowedHttpException(code: 0): No route found for \"OPTIONS /nelson/1\": Method Not Allowed (Allow: GET, POST, DELETE) at /home/nhefti/Sites/public/nelson-io/vendor/symfony/http-kernel/EventListener/RouterListener.php:129, Symfony\\Component\\Routing\\Exception\\MethodNotAllowedException(code: 0):  at /home/nhefti/Sites/public/nelson-io/vendor/symfony/routing/Matcher/UrlMatcher.php:97)"} []
[2016-12-10 13:02:05] app.DEBUG: < 405 [] []
[2016-12-10 13:02:55] app.INFO: Matched route "{route}". {"route":"GET_nelson_id","route_parameters":{"_controller":"[object] (Closure: {})","id":"1","_route":"GET_nelson_id"},"request_uri":"http://localhost:8081/nelson/1","method":"GET"} []
[2016-12-10 13:02:55] app.DEBUG: > GET /nelson/1 [] []
[2016-12-10 13:02:55] app.DEBUG: < 200 [] []
[2016-12-10 13:02:58] app.ERROR: Symfony\Component\HttpKernel\Exception\MethodNotAllowedHttpException: No route found for "OPTIONS /nelson/1": Method Not Allowed (Allow: GET, POST, DELETE) (uncaught exception) at /home/nhefti/Sites/public/nelson-io/vendor/symfony/http-kernel/EventListener/RouterListener.php line 129 {"exception":"[object] (Symfony\\Component\\HttpKernel\\Exception\\MethodNotAllowedHttpException(code: 0): No route found for \"OPTIONS /nelson/1\": Method Not Allowed (Allow: GET, POST, DELETE) at /home/nhefti/Sites/public/nelson-io/vendor/symfony/http-kernel/EventListener/RouterListener.php:129, Symfony\\Component\\Routing\\Exception\\MethodNotAllowedException(code: 0):  at /home/nhefti/Sites/public/nelson-io/vendor/symfony/routing/Matcher/UrlMatcher.php:97)"} []
[2016-12-10 13:02:58] app.DEBUG: < 405 [] []
[2016-12-10 13:05:46] app.INFO: Matched route "{route}". {"route":"GET_nelson_id","route_parameters":{"_controller":"[object] (Closure: {})","id":"1","_route":"GET_nelson_id"},"request_uri":"http://localhost:8081/nelson/1","method":"GET"} []
[2016-12-10 13:05:46] app.DEBUG: > GET /nelson/1 [] []
[2016-12-10 13:05:46] app.DEBUG: < 200 [] []
[2016-12-10 13:05:49] app.INFO: Matched route "{route}". {"route":"OPTIONS_nelson_id","route_parameters":{"_controller":"[object] (Closure: {})","id":"1","_route":"OPTIONS_nelson_id"},"request_uri":"http://localhost:8081/nelson/1","method":"OPTIONS"} []
[2016-12-10 13:05:49] app.DEBUG: > OPTIONS /nelson/1 [] []
[2016-12-10 13:05:49] app.DEBUG: < 200 [] []
[2016-12-10 13:08:56] app.INFO: Matched route "{route}". {"route":"GET_nelson_id","route_parameters":{"_controller":"[object] (Closure: {})","id":"1","_route":"GET_nelson_id"},"request_uri":"http://localhost:8081/nelson/1","method":"GET"} []
[2016-12-10 13:08:56] app.DEBUG: > GET /nelson/1 [] []
[2016-12-10 13:08:56] app.DEBUG: < 200 [] []
[2016-12-10 13:08:57] app.INFO: Matched route "{route}". {"route":"OPTIONS_nelson_id","route_parameters":{"_controller":"[object] (Closure: {})","id":"1","_route":"OPTIONS_nelson_id"},"request_uri":"http://localhost:8081/nelson/1","method":"OPTIONS"} []
[2016-12-10 13:08:57] app.DEBUG: > OPTIONS /nelson/1 [] []
[2016-12-10 13:08:57] app.DEBUG: < 200 [] []
[2016-12-10 13:08:57] app.INFO: Matched route "{route}". {"route":"POST_nelson_id","route_parameters":{"_controller":"[object] (Closure: {})","id":"1","_route":"POST_nelson_id"},"request_uri":"http://localhost:8081/nelson/1","method":"POST"} []
[2016-12-10 13:08:57] app.DEBUG: > POST /nelson/1 [] []
[2016-12-10 13:08:57] app.DEBUG: < 200 [] []
[2016-12-10 13:09:02] app.INFO: Matched route "{route}". {"route":"OPTIONS_nelson_id","route_parameters":{"_controller":"[object] (Closure: {})","id":"1","_route":"OPTIONS_nelson_id"},"request_uri":"http://localhost:8081/nelson/1","method":"OPTIONS"} []
[2016-12-10 13:09:02] app.DEBUG: > OPTIONS /nelson/1 [] []
[2016-12-10 13:09:02] app.DEBUG: < 200 [] []
[2016-12-10 13:09:02] app.INFO: Matched route "{route}". {"route":"POST_nelson_id","route_parameters":{"_controller":"[object] (Closure: {})","id":"1","_route":"POST_nelson_id"},"request_uri":"http://localhost:8081/nelson/1","method":"POST"} []
[2016-12-10 13:09:02] app.DEBUG: > POST /nelson/1 [] []
[2016-12-10 13:09:02] app.DEBUG: < 200 [] []
[2016-12-10 13:09:04] app.INFO: Matched route "{route}". {"route":"GET_nelson_id","route_parameters":{"_controller":"[object] (Closure: {})","id":"1","_route":"GET_nelson_id"},"request_uri":"http://localhost:8081/nelson/1","method":"GET"} []
[2016-12-10 13:09:04] app.DEBUG: > GET /nelson/1 [] []
[2016-12-10 13:09:04] app.DEBUG: < 200 [] []
[2016-12-10 13:09:27] app.INFO: Matched route "{route}". {"route":"OPTIONS_nelson_id","route_parameters":{"_controller":"[object] (Closure: {})","id":"1","_route":"OPTIONS_nelson_id"},"request_uri":"http://localhost:8081/nelson/1","method":"OPTIONS"} []
[2016-12-10 13:09:27] app.DEBUG: > OPTIONS /nelson/1 [] []
[2016-12-10 13:09:27] app.DEBUG: < 200 [] []
[2016-12-10 13:09:27] app.INFO: Matched route "{route}". {"route":"POST_nelson_id","route_parameters":{"_controller":"[object] (Closure: {})","id":"1","_route":"POST_nelson_id"},"request_uri":"http://localhost:8081/nelson/1","method":"POST"} []
[2016-12-10 13:09:27] app.DEBUG: > POST /nelson/1 [] []
[2016-12-10 13:09:27] app.DEBUG: < 200 [] []
[2016-12-10 13:09:37] app.INFO: Matched route "{route}". {"route":"GET_nelson_id","route_parameters":{"_controller":"[object] (Closure: {})","id":"1","_route":"GET_nelson_id"},"request_uri":"http://localhost:8081/nelson/1","method":"GET"} []
[2016-12-10 13:09:37] app.DEBUG: > GET /nelson/1 [] []
[2016-12-10 13:09:37] app.DEBUG: < 200 [] []
[2016-12-10 13:09:41] app.INFO: Matched route "{route}". {"route":"OPTIONS_nelson_id","route_parameters":{"_controller":"[object] (Closure: {})","id":"1","_route":"OPTIONS_nelson_id"},"request_uri":"http://localhost:8081/nelson/1","method":"OPTIONS"} []
[2016-12-10 13:09:41] app.DEBUG: > OPTIONS /nelson/1 [] []
[2016-12-10 13:09:41] app.DEBUG: < 200 [] []
[2016-12-10 13:09:41] app.INFO: Matched route "{route}". {"route":"POST_nelson_id","route_parameters":{"_controller":"[object] (Closure: {})","id":"1","_route":"POST_nelson_id"},"request_uri":"http://localhost:8081/nelson/1","method":"POST"} []
[2016-12-10 13:09:41] app.DEBUG: > POST /nelson/1 [] []
[2016-12-10 13:09:41] app.DEBUG: < 200 [] []
[2016-12-10 13:09:44] app.INFO: Matched route "{route}". {"route":"GET_nelson_id","route_parameters":{"_controller":"[object] (Closure: {})","id":"1","_route":"GET_nelson_id"},"request_uri":"http://localhost:8081/nelson/1","method":"GET"} []
[2016-12-10 13:09:44] app.DEBUG: > GET /nelson/1 [] []
[2016-12-10 13:09:44] app.DEBUG: < 200 [] []
[2016-12-10 13:10:11] app.INFO: Matched route "{route}". {"route":"GET_nelson_id","route_parameters":{"_controller":"[object] (Closure: {})","id":"1","_route":"GET_nelson_id"},"request_uri":"http://localhost:8081/nelson/1","method":"GET"} []
[2016-12-10 13:10:11] app.DEBUG: > GET /nelson/1 [] []
[2016-12-10 13:10:11] app.DEBUG: < 200 [] []
[2016-12-10 13:10:15] app.INFO: Matched route "{route}". {"route":"OPTIONS_nelson_id","route_parameters":{"_controller":"[object] (Closure: {})","id":"1","_route":"OPTIONS_nelson_id"},"request_uri":"http://localhost:8081/nelson/1","method":"OPTIONS"} []
[2016-12-10 13:10:15] app.DEBUG: > OPTIONS /nelson/1 [] []
[2016-12-10 13:10:15] app.DEBUG: < 200 [] []
[2016-12-10 13:10:15] app.INFO: Matched route "{route}". {"route":"POST_nelson_id","route_parameters":{"_controller":"[object] (Closure: {})","id":"1","_route":"POST_nelson_id"},"request_uri":"http://localhost:8081/nelson/1","method":"POST"} []
[2016-12-10 13:10:15] app.DEBUG: > POST /nelson/1 [] []
[2016-12-10 13:10:15] app.DEBUG: < 200 [] []
[2016-12-10 13:10:16] app.INFO: Matched route "{route}". {"route":"GET_nelson_id","route_parameters":{"_controller":"[object] (Closure: {})","id":"1","_route":"GET_nelson_id"},"request_uri":"http://localhost:8081/nelson/1","method":"GET"} []
[2016-12-10 13:10:16] app.DEBUG: > GET /nelson/1 [] []
[2016-12-10 13:10:16] app.DEBUG: < 200 [] []
[2016-12-10 13:10:20] app.INFO: Matched route "{route}". {"route":"OPTIONS_nelson_id","route_parameters":{"_controller":"[object] (Closure: {})","id":"1","_route":"OPTIONS_nelson_id"},"request_uri":"http://localhost:8081/nelson/1","method":"OPTIONS"} []
[2016-12-10 13:10:20] app.DEBUG: > OPTIONS /nelson/1 [] []
[2016-12-10 13:10:20] app.DEBUG: < 200 [] []
[2016-12-10 13:10:20] app.INFO: Matched route "{route}". {"route":"POST_nelson_id","route_parameters":{"_controller":"[object] (Closure: {})","id":"1","_route":"POST_nelson_id"},"request_uri":"http://localhost:8081/nelson/1","method":"POST"} []
[2016-12-10 13:10:20] app.DEBUG: > POST /nelson/1 [] []
[2016-12-10 13:10:20] app.DEBUG: < 200 [] []
[2016-12-10 13:10:22] app.INFO: Matched route "{route}". {"route":"GET_nelson_id","route_parameters":{"_controller":"[object] (Closure: {})","id":"1","_route":"GET_nelson_id"},"request_uri":"http://localhost:8081/nelson/1","method":"GET"} []
[2016-12-10 13:10:22] app.DEBUG: > GET /nelson/1 [] []
[2016-12-10 13:10:22] app.DEBUG: < 200 [] []
[2016-12-10 13:10:28] app.INFO: Matched route "{route}". {"route":"OPTIONS_nelson_id","route_parameters":{"_controller":"[object] (Closure: {})","id":"1","_route":"OPTIONS_nelson_id"},"request_uri":"http://localhost:8081/nelson/1","method":"OPTIONS"} []
[2016-12-10 13:10:28] app.DEBUG: > OPTIONS /nelson/1 [] []
[2016-12-10 13:10:28] app.DEBUG: < 200 [] []
[2016-12-10 13:10:28] app.INFO: Matched route "{route}". {"route":"POST_nelson_id","route_parameters":{"_controller":"[object] (Closure: {})","id":"1","_route":"POST_nelson_id"},"request_uri":"http://localhost:8081/nelson/1","method":"POST"} []
[2016-12-10 13:10:28] app.DEBUG: > POST /nelson/1 [] []
[2016-12-10 13:10:28] app.DEBUG: < 200 [] []
[2016-12-10 13:10:30] app.INFO: Matched route "{route}". {"route":"GET_nelson_id","route_parameters":{"_controller":"[object] (Closure: {})","id":"1","_route":"GET_nelson_id"},"request_uri":"http://localhost:8081/nelson/1","method":"GET"} []
[2016-12-10 13:10:30] app.DEBUG: > GET /nelson/1 [] []
[2016-12-10 13:10:30] app.DEBUG: < 200 [] []
[2016-12-10 13:10:34] app.INFO: Matched route "{route}". {"route":"GET_nelsons","route_parameters":{"_controller":"[object] (Closure: {})","id":null,"_route":"GET_nelsons"},"request_uri":"http://localhost:8081/nelsons","method":"GET"} []
[2016-12-10 13:10:34] app.DEBUG: > GET /nelsons [] []
[2016-12-10 13:10:34] app.DEBUG: < 200 [] []
[2016-12-10 13:21:30] app.INFO: Matched route "{route}". {"route":"GET_nelson_id","route_parameters":{"_controller":"[object] (Closure: {})","id":null,"_route":"GET_nelson_id"},"request_uri":"http://localhost:8081/nelson","method":"GET"} []
[2016-12-10 13:21:30] app.DEBUG: > GET /nelson [] []
[2016-12-10 13:21:30] app.DEBUG: < 404 [] []
[2016-12-10 13:21:39] app.INFO: Matched route "{route}". {"route":"GET_nelsons","route_parameters":{"_controller":"[object] (Closure: {})","id":null,"_route":"GET_nelsons"},"request_uri":"http://localhost:8081/nelsons","method":"GET"} []
[2016-12-10 13:21:39] app.DEBUG: > GET /nelsons [] []
[2016-12-10 13:21:39] app.DEBUG: < 200 [] []
